<?xml version="1.0" encoding="UTF-8"?>
<testsuite xmlns:xsi="http://www.w3.org/2001/XMLSchema-instance" xsi:noNamespaceSchemaLocation="https://maven.apache.org/surefire/maven-surefire-plugin/xsd/surefire-test-report.xsd" name="com.test.wns.service.WnsServiceTest" time="2.336" tests="1" errors="1" skipped="0" failures="0">
  <properties>
[...]
</properties>
  <testcase name="generateCsvFileTest" classname="com.test.wns.service.WnsServiceTest" time="0.03">
    <error type="java.lang.NullPointerException">java.lang.NullPointerException
	at com.test.wns.service.WnsServiceTest.generateCsvFileTest(WnsServiceTest.java:50)
</error>
    <system-out><![CDATA[2020-09-03 18:12:16.198 - [main] [308] [INFO ] [o.s.b.t.c.SpringBootTestContextBootstrapper] - Neither @ContextConfiguration nor @ContextHierarchy found for test class [com.test.wns.service.WnsServiceTest], using SpringBootContextLoader
2020-09-03 18:12:16.200 - [main] [264] [INFO ] [o.s.t.c.s.AbstractContextLoader] - Could not detect default resource locations for test class [com.test.wns.service.WnsServiceTest]: no resource found for suffixes {-context.xml, Context.groovy}.
2020-09-03 18:12:16.200 - [main] [83] [INFO ] [o.s.t.c.s.AnnotationConfigContextLoaderUtils] - Could not detect default configuration classes for test class [com.test.wns.service.WnsServiceTest]: WnsServiceTest does not declare any static, non-private, non-final, nested classes annotated with @Configuration.
2020-09-03 18:12:16.214 - [main] [237] [INFO ] [o.s.b.t.c.SpringBootTestContextBootstrapper] - Found @SpringBootConfiguration com.test.wns.WnsQualificationTestApplication for test class com.test.wns.service.WnsServiceTest
2020-09-03 18:12:16.229 - [main] [248] [INFO ] [o.s.b.t.c.SpringBootTestContextBootstrapper] - Loaded default TestExecutionListener class names from location [META-INF/spring.factories]: [org.springframework.boot.test.mock.mockito.MockitoTestExecutionListener, org.springframework.boot.test.mock.mockito.ResetMocksTestExecutionListener, org.springframework.boot.test.autoconfigure.restdocs.RestDocsTestExecutionListener, org.springframework.boot.test.autoconfigure.web.client.MockRestServiceServerResetTestExecutionListener, org.springframework.boot.test.autoconfigure.web.servlet.MockMvcPrintOnlyOnFailureTestExecutionListener, org.springframework.boot.test.autoconfigure.web.servlet.WebDriverTestExecutionListener, org.springframework.boot.test.autoconfigure.webservices.client.MockWebServiceServerTestExecutionListener, org.springframework.test.context.web.ServletTestExecutionListener, org.springframework.test.context.support.DirtiesContextBeforeModesTestExecutionListener, org.springframework.test.context.support.DependencyInjectionTestExecutionListener, org.springframework.test.context.support.DirtiesContextTestExecutionListener, org.springframework.test.context.transaction.TransactionalTestExecutionListener, org.springframework.test.context.jdbc.SqlScriptsTestExecutionListener, org.springframework.test.context.event.EventPublishingTestExecutionListener]
2020-09-03 18:12:16.230 - [main] [177] [INFO ] [o.s.b.t.c.SpringBootTestContextBootstrapper] - Using TestExecutionListeners: [org.springframework.test.context.web.ServletTestExecutionListener@712e4b18, org.springframework.test.context.support.DirtiesContextBeforeModesTestExecutionListener@af96ac9, org.springframework.boot.test.mock.mockito.MockitoTestExecutionListener@27d0376f, org.springframework.boot.test.autoconfigure.SpringBootDependencyInjectionTestExecutionListener@21948bd1, org.springframework.test.context.support.DirtiesContextTestExecutionListener@22617270, org.springframework.test.context.transaction.TransactionalTestExecutionListener@630febd7, org.springframework.test.context.jdbc.SqlScriptsTestExecutionListener@45c2c396, org.springframework.test.context.event.EventPublishingTestExecutionListener@408d12fc, org.springframework.boot.test.mock.mockito.ResetMocksTestExecutionListener@69d61a6f, org.springframework.boot.test.autoconfigure.restdocs.RestDocsTestExecutionListener@759b05d1, org.springframework.boot.test.autoconfigure.web.client.MockRestServiceServerResetTestExecutionListener@2696b687, org.springframework.boot.test.autoconfigure.web.servlet.MockMvcPrintOnlyOnFailureTestExecutionListener@ea45a5b, org.springframework.boot.test.autoconfigure.web.servlet.WebDriverTestExecutionListener@57f83c82, org.springframework.boot.test.autoconfigure.webservices.client.MockWebServiceServerTestExecutionListener@7a600e21]

  .   ____          _            __ _ _
 /\\ / ___'_ __ _ _(_)_ __  __ _ \ \ \ \
( ( )\___ | '_ | '_| | '_ \/ _` | \ \ \ \
 \\/  ___)| |_)| | | | | || (_| |  ) ) ) )
  '  |____| .__|_| |_|_| |_\__, | / / / /
 =========|_|==============|___/=/_/_/_/
 :: Spring Boot ::        (v2.3.3.RELEASE)

2020-09-03 18:12:16.335 - [main] [55] [INFO ] [com.test.wns.service.WnsServiceTest] - Starting WnsServiceTest on Charu3149786 with PID 23120 (started by charusingla in C:\Users\charusingla\Downloads\wns\wns)
2020-09-03 18:12:16.337 - [main] [655] [INFO ] [com.test.wns.service.WnsServiceTest] - The following profiles are active: local
2020-09-03 18:12:16.768 - [main] [249] [INFO ] [o.s.d.r.c.RepositoryConfigurationDelegate] - Multiple Spring Data modules found, entering strict repository configuration mode!
2020-09-03 18:12:16.769 - [main] [127] [INFO ] [o.s.d.r.c.RepositoryConfigurationDelegate] - Bootstrapping Spring Data JDBC repositories in DEFAULT mode.
2020-09-03 18:12:16.782 - [main] [348] [INFO ] [o.s.d.r.c.RepositoryConfigurationExtensionSupport] - Spring Data JDBC - Could not safely identify store assignment for repository candidate interface com.test.wns.repository.WnsRepository. If you want this repository to be a JDBC repository, consider annotating your entities with one of these annotations: org.springframework.data.relational.core.mapping.Table.
2020-09-03 18:12:16.783 - [main] [187] [INFO ] [o.s.d.r.c.RepositoryConfigurationDelegate] - Finished Spring Data repository scanning in 13ms. Found 0 JDBC repository interfaces.
2020-09-03 18:12:16.794 - [main] [249] [INFO ] [o.s.d.r.c.RepositoryConfigurationDelegate] - Multiple Spring Data modules found, entering strict repository configuration mode!
2020-09-03 18:12:16.794 - [main] [127] [INFO ] [o.s.d.r.c.RepositoryConfigurationDelegate] - Bootstrapping Spring Data JPA repositories in DEFERRED mode.
2020-09-03 18:12:16.825 - [main] [187] [INFO ] [o.s.d.r.c.RepositoryConfigurationDelegate] - Finished Spring Data repository scanning in 29ms. Found 1 JPA repository interfaces.
2020-09-03 18:12:17.129 - [main] [181] [INFO ] [o.s.s.c.ThreadPoolTaskExecutor] - Initializing ExecutorService 'applicationTaskExecutor'
2020-09-03 18:12:17.161 - [task-1] [31] [INFO ] [o.h.jpa.internal.util.LogHelper] - HHH000204: Processing PersistenceUnitInfo [name: default]
2020-09-03 18:12:17.182 - [task-1] [110] [INFO ] [com.zaxxer.hikari.HikariDataSource] - HikariPool-2 - Starting...
2020-09-03 18:12:17.207 - [task-1] [123] [INFO ] [com.zaxxer.hikari.HikariDataSource] - HikariPool-2 - Start completed.
2020-09-03 18:12:17.208 - [task-1] [170] [INFO ] [org.hibernate.dialect.Dialect] - HHH000400: Using dialect: org.hibernate.dialect.MySQL57Dialect
2020-09-03 18:12:17.227 - [task-1] [287] [WARN ] [org.hibernate.mapping.RootClass] - HHH000038: Composite-id class does not override equals(): com.test.wns.model.EmbeddedPrimaryKey
2020-09-03 18:12:17.227 - [task-1] [290] [WARN ] [org.hibernate.mapping.RootClass] - HHH000039: Composite-id class does not override hashCode(): com.test.wns.model.EmbeddedPrimaryKey
2020-09-03 18:12:17.338 - [task-1] [52] [INFO ] [o.h.e.t.j.p.i.JtaPlatformInitiator] - HHH000490: Using JtaPlatform implementation: [org.hibernate.engine.transaction.jta.platform.internal.NoJtaPlatform]
2020-09-03 18:12:17.340 - [task-1] [416] [INFO ] [o.s.o.j.LocalContainerEntityManagerFactoryBean] - Initialized JPA EntityManagerFactory for persistence unit 'default'
2020-09-03 18:12:17.445 - [main] [220] [WARN ] [o.s.b.a.o.j.JpaBaseConfiguration$JpaWebConfiguration] - spring.jpa.open-in-view is enabled by default. Therefore, database queries may be performed during view rendering. Explicitly configure spring.jpa.open-in-view to disable this warning
2020-09-03 18:12:18.258 - [main] [58] [INFO ] [o.s.b.a.e.web.EndpointLinksResolver] - Exposing 2 endpoint(s) beneath base path '/actuator'
2020-09-03 18:12:18.329 - [main] [49] [INFO ] [o.s.d.r.c.DeferredRepositoryInitializationListener] - Triggering deferred initialization of Spring Data repositories…
2020-09-03 18:12:18.409 - [main] [53] [INFO ] [o.s.d.r.c.DeferredRepositoryInitializationListener] - Spring Data repositories initialized!
2020-09-03 18:12:18.420 - [main] [61] [INFO ] [com.test.wns.service.WnsServiceTest] - Started WnsServiceTest in 2.163 seconds (JVM running for 13.244)
]]></system-out>
  </testcase>
</testsuite>